build/app/outputs/mapping/release/seeds.txt
com.nav.jagrata.MainActivity
com.nav.jagrata.MainActivity: MainActivity()
...
com.google.android.gms.internal.firebase-auth-api.zzqb: com.google.android.gms.internal.firebase-auth-api.zzcd zza(com.google.android.gms.internal.firebase-auth-api.zzqa)
androidx.core.view.WindowInsetsCompat$Impl29: androidx.core.graphics.Insets getSystemGestureInsets()
com.google.firebase.vertexai.type.Candidate$Internal$GroundingMetadata: java.lang.String toString()
androidx.appcompat.widget.ActionMenuView: int getPopupTheme()
com.google.android.recaptcha.internal.zzue: int zzi()
com.google.android.gms.internal.firebase-auth-api.zzgs: com.google.android.gms.internal.firebase-auth-api.zzpq zza(com.google.android.gms.internal.firebase-auth-api.zzbo,com.google.android.gms.internal.firebase-auth-api.zzcm)
com.google.android.recaptcha.internal.zzkf: zzkf(java.lang.String)
com.google.android.gms.internal.auth.zzfi: zzfi()
androidx.activity.OnBackPressedDispatcher$Api34Impl: android.window.OnBackInvokedCallback createOnBackAnimationCallback(kotlin.jvm.functions.Function1,kotlin.jvm.functions.Function1,kotlin.jvm.functions.Function0,kotlin.jvm.functions.Function0)
com.google.android.gms.internal.firebase-auth-api.zzmv: java.lang.Object zza(java.lang.Enum)
com.google.android.gms.internal.measurement.zzgf$zzk: boolean zzbv()
com.google.android.gms.internal.maps.zzj: java.util.List zzm()
com.google.android.gms.internal.firebase-auth-api.zzaei: void zza(java.lang.String)
com.google.firebase.vertexai.type.TextPart$Internal$$serializer: kotlinx.serialization.KSerializer[] childSerializers()
com.google.android.gms.internal.location.zzbi: com.google.android.gms.tasks.Task requestDeviceOrientationUpdates(com.google.android.gms.location.DeviceOrientationRequest,com.google.android.gms.location.DeviceOrientationListener,android.os.Looper)
com.google.android.gms.internal.common.zzak: com.google.android.gms.internal.common.zzak zzl()
com.google.android.gms.internal.auth.zzcv: zzcv(com.google.android.gms.internal.auth.zzcz,java.lang.String,java.lang.Long,boolean)
com.google.firebase.vertexai.type.SafetySetting: SafetySetting(com.google.firebase.vertexai.type.HarmCategory,com.google.firebase.vertexai.type.HarmBlockThreshold,com.google.firebase.vertexai.type.HarmBlockMethod,int,kotlin.jvm.internal.DefaultConstructorMarker)
com.google.android.recaptcha.internal.zzv: zzv(android.content.Context,com.google.android.recaptcha.internal.zzek,com.google.android.recaptcha.internal.zzbi,java.util.List,int,kotlin.jvm.internal.DefaultConstructorMarker)
com.google.android.gms.internal.firebase-auth-api.zzajo$zzc: void zzo(int)
com.google.android.gms.internal.measurement.zziy: com.google.android.gms.internal.measurement.zziy zza(int,int)
com.google.firebase.vertexai.common.CountTokensRequest$Companion: CountTokensRequest$Companion()
io.flutter.embedding.engine.FlutterJNI: void dispatchSemanticsAction(int,io.flutter.view.AccessibilityBridge$Action,java.lang.Object)
com.google.android.gms.internal.firebase-auth-api.zzqf: int zzf()
com.google.android.recaptcha.internal.zzol: long zzv(java.lang.Object,long)
com.google.android.recaptcha.internal.zzkd: zzkd(java.lang.String,char[])
com.google.firebase.vertexai.type.HarmProbability: HarmProbability(int)
com.google.android.gms.internal.location.zzag: zzag()
com.google.android.gms.internal.firebase-auth-api.zzalh: java.lang.Object put(java.lang.Object,java.lang.Object)
com.google.android.gms.internal.firebase-auth-api.zzafm: java.lang.String zza(java.lang.String)
com.google.android.gms.internal.measurement.zzaw: com.google.android.gms.internal.measurement.zzaq zza(java.lang.String,com.google.android.gms.internal.measurement.zzh,java.util.List)
com.google.android.gms.internal.firebase-auth-api.zzih: java.security.spec.AlgorithmParameterSpec zza(byte[],int,int)
com.google.android.gms.internal.measurement.zzgf$zzk$zza: com.google.android.gms.internal.measurement.zzgf$zzk$zza zzk(java.lang.String)
com.google.android.gms.tasks.zzi: zzi(com.google.android.gms.tasks.zzj,com.google.android.gms.tasks.Task)