build/app/outputs/mapping/release/mapping.txt
# compiler: R8
# compiler_version: 8.2.42
# min_api: 23
# common_typos_disable
# {"id":"com.android.tools.r8.mapping","version":"2.2"}
# pg_map_id: dabc7e1
# pg_map_hash: SHA-256 dabc7e1528d767802d5a83f64cfdf3203990f9ba0c25cce11accd7febe4e7102
com.nav.jagrata.MainActivity -> com.nav.jagrata.MainActivity:
# {"id":"sourceFile","fileName":"MainActivity.kt"}
...
androidx.media3.exoplayer.source.ClippingMediaSource$ClippingTimeline -> f2.f$a:
# {"id":"sourceFile","fileName":"ClippingMediaSource.java"}
    long startUs -> f
    long endUs -> g
    long durationUs -> h
    boolean isDynamic -> i
    1:1:void <init>(androidx.media3.common.Timeline,long,long):0:0 -> <init>
      # {"id":"com.android.tools.r8.residualsignature","signature":"(Li1/i0;JJ)V"}
    1:1:androidx.media3.common.Timeline$Period getPeriod(int,androidx.media3.common.Timeline$Period,boolean):0:0 -> g
      # {"id":"com.android.tools.r8.residualsignature","signature":"(ILi1/i0$b;Z)Li1/i0$b;"}
    1:1:androidx.media3.common.Timeline$Window getWindow(int,androidx.media3.common.Timeline$Window,long):0:0 -> o
      # {"id":"com.android.tools.r8.residualsignature","signature":"(ILi1/i0$c;J)Li1/i0$c;"}
androidx.media3.exoplayer.source.ClippingMediaSource$IllegalClippingException -> f2.f$b:
# {"id":"sourceFile","fileName":"ClippingMediaSource.java"}
    int reason -> a
    1:1:void <init>(int):0:0 -> <init>
    1:1:java.lang.String getReasonDescription(int):0:0 -> a
androidx.media3.exoplayer.source.CompositeMediaSource -> f2.h:
# {"id":"sourceFile","fileName":"CompositeMediaSource.java"}
    java.util.HashMap childSources -> n
    android.os.Handler eventHandler -> o
    androidx.media3.datasource.TransferListener mediaTransferListener -> p
      # {"id":"com.android.tools.r8.residualsignature","signature":"Ln1/y;"}
    1:1:void <init>():0:0 -> <init>
    1:1:void prepareSourceInternal(androidx.media3.datasource.TransferListener):0:0 -> C
      # {"id":"com.android.tools.r8.residualsignature","signature":"(Ln1/y;)V"}
    1:1:void releaseSourceInternal():0:0 -> E
    1:1:void $r8$lambda$nBeObOK-BbGEVOx72vVSHx3OSCA(androidx.media3.exoplayer.source.CompositeMediaSource,java.lang.Object,androidx.media3.exoplayer.source.MediaSource,androidx.media3.common.Timeline):0:0 -> F
      # {"id":"com.android.tools.r8.synthesized"}
      # {"id":"com.android.tools.r8.residualsignature","signature":"(Lf2/h;Ljava/lang/Object;Lf2/f0;Li1/i0;)V"}
    androidx.media3.exoplayer.source.MediaSource$MediaPeriodId getMediaPeriodIdForChildMediaPeriodId(java.lang.Object,androidx.media3.exoplayer.source.MediaSource$MediaPeriodId) -> G
      # {"id":"com.android.tools.r8.residualsignature","signature":"(Ljava/lang/Object;Lf2/f0$b;)Lf2/f0$b;"}
    1:1:long getMediaTimeForChildMediaTime(java.lang.Object,long,androidx.media3.exoplayer.source.MediaSource$MediaPeriodId):0:0 -> H
androidx.media3.exoplayer.source.CompositeMediaSource$$ExternalSyntheticLambda0 -> f2.g:
# {"id":"sourceFile","fileName":"R8$$SyntheticClass"}
# {"id":"com.android.tools.r8.synthesized"}
    androidx.media3.exoplayer.source.CompositeMediaSource androidx.media3.exoplayer.source.CompositeMediaSource$$InternalSyntheticLambda$9$d2e07a7bd726aeaf3f05ca62c7cd53a5b485f46b7305109b1328ed36738b81be$0.f$0 -> a
      # {"id":"com.android.tools.r8.residualsignature","signature":"Lf2/h;"}
      # {"id":"com.android.tools.r8.synthesized"}
    java.lang.Object androidx.media3.exoplayer.source.CompositeMediaSource$$InternalSyntheticLambda$9$d2e07a7bd726aeaf3f05ca62c7cd53a5b485f46b7305109b1328ed36738b81be$0.f$1 -> b
      # {"id":"com.android.tools.r8.synthesized"}
    1:1:void androidx.media3.exoplayer.source.CompositeMediaSource$$InternalSyntheticLambda$9$d2e07a7bd726aeaf3f05ca62c7cd53a5b485f46b7305109b1328ed36738b81be$0.<init>(androidx.media3.exoplayer.source.CompositeMediaSource,java.lang.Object):0:0 -> <init>
      # {"id":"com.android.tools.r8.synthesized"}
      # {"id":"com.android.tools.r8.residualsignature","signature":"(Lf2/h;Ljava/lang/Object;)V"}
    1:1:void androidx.media3.exoplayer.source.CompositeMediaSource$$InternalSyntheticLambda$9$d2e07a7bd726aeaf3f05ca62c7cd53a5b485f46b7305109b1328ed36738b81be$0.onSourceInfoRefreshed(androidx.media3.exoplayer.source.MediaSource,androidx.media3.common.Timeline):0:0 -> a
      # {"id":"com.android.tools.r8.synthesized"}