build/app/outputs/mapping/release/usage.txt
com.nav.jagrata.R$drawable
com.nav.jagrata.R$mipmap
com.nav.jagrata.R$string
com.nav.jagrata.R$style
com.nav.jagrata.R
...
com.google.firebase.vertexai.Chat
com.google.firebase.vertexai.FirebaseVertexAI$Companion
com.google.firebase.vertexai.FirebaseVertexAI
com.google.firebase.vertexai.FirebaseVertexAIKt
com.google.firebase.vertexai.FirebaseVertexAIMultiResourceComponent:
    public final com.google.firebase.vertexai.FirebaseVertexAI get(java.lang.String)
com.google.firebase.vertexai.GenerativeModel$1$generateHeaders$1
com.google.firebase.vertexai.GenerativeModel$1
com.google.firebase.vertexai.GenerativeModel$Companion
com.google.firebase.vertexai.GenerativeModel$countTokens$1
com.google.firebase.vertexai.GenerativeModel$countTokens$3
com.google.firebase.vertexai.GenerativeModel$countTokens$5
com.google.firebase.vertexai.GenerativeModel$generateContent$1
com.google.firebase.vertexai.GenerativeModel$generateContent$3
com.google.firebase.vertexai.GenerativeModel$generateContent$5
com.google.firebase.vertexai.GenerativeModel$generateContentStream$$inlined$map$1$2$1
com.google.firebase.vertexai.GenerativeModel$generateContentStream$$inlined$map$1$2
com.google.firebase.vertexai.GenerativeModel$generateContentStream$$inlined$map$1
com.google.firebase.vertexai.GenerativeModel$generateContentStream$1
com.google.firebase.vertexai.GenerativeModel$generateContentStream$3
com.google.firebase.vertexai.GenerativeModel$generateContentStream$4
com.google.firebase.vertexai.GenerativeModel
com.google.firebase.vertexai.R
com.google.firebase.vertexai.internal.util.KotlinKt
com.google.firebase.vertexai.java.ChatFutures$Companion
com.google.firebase.vertexai.java.ChatFutures$FuturesImpl$sendMessage$1
com.google.firebase.vertexai.java.ChatFutures$FuturesImpl
com.google.firebase.vertexai.java.ChatFutures
com.google.firebase.vertexai.java.GenerativeModelFutures$Companion
com.google.firebase.vertexai.java.GenerativeModelFutures$FuturesImpl$countTokens$1
com.google.firebase.vertexai.java.GenerativeModelFutures$FuturesImpl$generateContent$1
com.google.firebase.vertexai.java.GenerativeModelFutures$FuturesImpl
com.google.firebase.vertexai.java.GenerativeModelFutures
com.google.firestore.admin.v1.Index$Builder:
    public com.google.firestore.admin.v1.Index$Builder addAllFields(java.lang.Iterable)
    public com.google.firestore.admin.v1.Index$Builder addFields(int,com.google.firestore.admin.v1.Index$IndexField$Builder)
    public com.google.firestore.admin.v1.Index$Builder addFields(int,com.google.firestore.admin.v1.Index$IndexField)
    public com.google.firestore.admin.v1.Index$Builder addFields(com.google.firestore.admin.v1.Index$IndexField)
    public com.google.firestore.admin.v1.Index$Builder clearFields()
    public com.google.firestore.admin.v1.Index$Builder clearName()
    public com.google.firestore.admin.v1.Index$Builder clearQueryScope()
    public com.google.firestore.admin.v1.Index$Builder clearState()
    public com.google.firestore.admin.v1.Index$IndexField getFields(int)
    public int getFieldsCount()
    public java.util.List getFieldsList()
    public java.lang.String getName()
    public com.google.protobuf.ByteString getNameBytes()
    public com.google.firestore.admin.v1.Index$QueryScope getQueryScope()
    public int getQueryScopeValue()
    public com.google.firestore.admin.v1.Index$State getState()
    public int getStateValue()
    public com.google.firestore.admin.v1.Index$Builder removeFields(int)
    public com.google.firestore.admin.v1.Index$Builder setFields(int,com.google.firestore.admin.v1.Index$IndexField$Builder)
com.google.firestore.admin.v1.Index$IndexField$ArrayConfig$ArrayConfigVerifier
com.google.firestore.admin.v1.Index$IndexField$ArrayConfig:
    public static final int ARRAY_CONFIG_UNSPECIFIED_VALUE
    public static final int CONTAINS_VALUE
    public static com.google.protobuf.Internal$EnumLiteMap internalGetValueMap()
    public static com.google.protobuf.Internal$EnumVerifier internalGetVerifier()
    public static com.google.firestore.admin.v1.Index$IndexField$ArrayConfig valueOf(int)